<?xml version="1.0" encoding="UTF-8"?>
<TestRun id="3defb22e-199a-4592-a610-1907ea8d4140" name="HP@HP-PC 2017-06-19 21:30:17" runUser="HP-PC\HP" xmlns="http://microsoft.com/schemas/VisualStudio/TeamTest/2010">
  <TestSettings name="Local" id="b05a3c0c-8e63-4e7b-b900-4d84dc28b507">
    <Description>These are default test settings for a local test run.</Description>
    <Deployment enabled="false" runDeploymentRoot="HP_HP-PC 2017-06-19 21_30_17">
      <DeploymentItem filename="C:\Users\HP\Documents\Visual Studio 2010\Projects\NumericSequenceWorldNomads\NumericSequenceWorldNomads\bin\NumericSequenceWorldNomads.dll" />
      <DeploymentItem filename="C:\Program Files\Microsoft ASP.NET\ASP.NET MVC 4\Assemblies\System.Web.Mvc.dll" />
      <DeploymentItem filename="C:\Users\HP\Documents\Visual Studio 2010\Projects\NumericSequenceWorldNomads\packages\Selenium.WebDriver.3.4.0\lib\net40\WebDriver.dll" />
    </Deployment>
    <Execution>
      <TestTypeSpecific />
      <AgentRule name="Execution Agents">
      </AgentRule>
    </Execution>
  </TestSettings>
  <Times creation="2017-06-19T21:30:17.6008454+10:00" queuing="2017-06-19T21:30:20.6658454+10:00" start="2017-06-19T21:30:20.9148454+10:00" finish="2017-06-19T21:30:37.3708454+10:00" />
  <ResultSummary outcome="Failed">
    <Counters total="1" executed="1" error="0" failed="1" timeout="0" aborted="0" inconclusive="0" passedButRunAborted="0" notRunnable="0" notExecuted="0" disconnected="0" warning="0" passed="0" completed="0" inProgress="0" pending="0" />
  </ResultSummary>
  <TestDefinitions>
    <UnitTest name="EndtoEndTest" storage="c:\users\hp\documents\visual studio 2010\projects\numericsequenceworldnomads\numericsequenceworldnomadstest\bin\release\numericsequenceworldnomadstest.dll" id="6f0ad37f-5bcb-2d5a-01b1-4c243bfb319c">
      <Execution id="fa513167-4eba-472e-a844-9e270dd799dd" />
      <TestMethod codeBase="C:/Users/HP/Documents/Visual Studio 2010/Projects/NumericSequenceWorldNomads/NumericSequenceWorldNomadsTest/bin/Release/NumericSequenceWorldNomadsTest.DLL" adapterTypeName="Microsoft.VisualStudio.TestTools.TestTypes.Unit.UnitTestAdapter, Microsoft.VisualStudio.QualityTools.Tips.UnitTest.Adapter, Version=10.0.0.0, Culture=neutral, PublicKeyToken=b03f5f7f11d50a3a" className="NumericSequenceWorldNomadsTest.UITests.UITests, NumericSequenceWorldNomadsTest, Version=1.0.0.0, Culture=neutral, PublicKeyToken=null" name="EndtoEndTest" />
    </UnitTest>
  </TestDefinitions>
  <TestLists>
    <TestList name="Results Not in a List" id="8c84fa94-04c1-424b-9868-57a2d4851a1d" />
    <TestList name="All Loaded Results" id="19431567-8539-422a-85d7-44ee4e166bda" />
  </TestLists>
  <TestEntries>
    <TestEntry testId="6f0ad37f-5bcb-2d5a-01b1-4c243bfb319c" executionId="fa513167-4eba-472e-a844-9e270dd799dd" testListId="8c84fa94-04c1-424b-9868-57a2d4851a1d" />
  </TestEntries>
  <Results>
    <UnitTestResult executionId="fa513167-4eba-472e-a844-9e270dd799dd" testId="6f0ad37f-5bcb-2d5a-01b1-4c243bfb319c" testName="EndtoEndTest" computerName="HP-PC" duration="00:00:13.5805394" startTime="2017-06-19T21:30:21.1648454+10:00" endTime="2017-06-19T21:30:37.1108454+10:00" testType="13cdc9d9-ddb5-4fa4-a97d-d965ccfc6d4b" outcome="Failed" testListId="8c84fa94-04c1-424b-9868-57a2d4851a1d" relativeResultsDirectory="fa513167-4eba-472e-a844-9e270dd799dd">
      <Output>
        <ErrorInfo>
          <Message>Test method NumericSequenceWorldNomadsTest.UITests.UITests.EndtoEndTest threw exception: 
System.TypeInitializationException: The type initializer for 'NumericSequenceWorldNomadsTest.Framework.Host' threw an exception. ---&gt; System.IO.DirectoryNotFoundException: Attempted to access a path that is not on the disk.</Message>
          <StackTrace>    at NumericSequenceWorldNomadsTest.Framework.ProjectLocation.FindSubFolderPath(String rootFolderPath, String folderName) in C:\Users\HP\Documents\Visual Studio 2010\Projects\NumericSequenceWorldNomads\NumericSequenceWorldNomadsTest\Framework\ProjectLocation.cs:line 55
   at NumericSequenceWorldNomadsTest.Framework.ProjectLocation.FromFolder(String webProjectFolderName) in C:\Users\HP\Documents\Visual Studio 2010\Projects\NumericSequenceWorldNomads\NumericSequenceWorldNomadsTest\Framework\ProjectLocation.cs:line 30
   at NumericSequenceWorldNomadsTest.Framework.SeleniumApplication.Run(String webProjectFolder, Int32 portNumber) in C:\Users\HP\Documents\Visual Studio 2010\Projects\NumericSequenceWorldNomads\NumericSequenceWorldNomadsTest\Framework\SeleniumApplication.cs:line 17
   at NumericSequenceWorldNomadsTest.Framework.Host..cctor() in C:\Users\HP\Documents\Visual Studio 2010\Projects\NumericSequenceWorldNomads\NumericSequenceWorldNomadsTest\Framework\Host.cs:line 9
 --- End of inner exception stack trace ---
    at NumericSequenceWorldNomadsTest.UITests.UITests.EndtoEndTest() in C:\Users\HP\Documents\Visual Studio 2010\Projects\NumericSequenceWorldNomads\NumericSequenceWorldNomadsTest\UITests\UITests.cs:line 17
</StackTrace>
        </ErrorInfo>
      </Output>
    </UnitTestResult>
  </Results>
</TestRun>